[0.356s] Invoking command in '/home/ros2/town_ws/src/build/village_wang': CMAKE_PREFIX_PATH=/opt/ros/rolling /usr/bin/cmake /home/ros2/town_ws/src/village_wang -DCMAKE_INSTALL_PREFIX=/home/ros2/town_ws/src/install/village_wang
[0.829s] -- The C compiler identification is GNU 11.2.0
[1.110s] -- The CXX compiler identification is GNU 11.2.0
[1.146s] -- Detecting C compiler ABI info
[1.408s] -- Detecting C compiler ABI info - done
[1.427s] -- Check for working C compiler: /usr/bin/cc - skipped
[1.433s] -- Detecting C compile features
[1.438s] -- Detecting C compile features - done
[1.451s] -- Detecting CXX compiler ABI info
[1.803s] -- Detecting CXX compiler ABI info - done
[1.818s] -- Check for working CXX compiler: /usr/bin/c++ - skipped
[1.818s] -- Detecting CXX compile features
[1.819s] -- Detecting CXX compile features - done
[1.838s] -- Found ament_cmake: 1.4.0 (/opt/ros/rolling/share/ament_cmake/cmake)
[2.225s] -- Found Python3: /usr/bin/python3.10 (found version "3.10.4") found components: Interpreter 
[2.431s] -- Found rclcpp: 16.2.0 (/opt/ros/rolling/share/rclcpp/cmake)
[2.551s] -- Found rosidl_generator_c: 3.2.1 (/opt/ros/rolling/share/rosidl_generator_c/cmake)
[2.563s] -- Found rosidl_adapter: 3.2.1 (/opt/ros/rolling/share/rosidl_adapter/cmake)
[2.585s] -- Found rosidl_generator_cpp: 3.2.1 (/opt/ros/rolling/share/rosidl_generator_cpp/cmake)
[2.627s] -- Using all available rosidl_typesupport_c: rosidl_typesupport_fastrtps_c;rosidl_typesupport_introspection_c
[2.673s] -- Using all available rosidl_typesupport_cpp: rosidl_typesupport_fastrtps_cpp;rosidl_typesupport_introspection_cpp
[2.825s] -- Found rmw_implementation_cmake: 6.3.0 (/opt/ros/rolling/share/rmw_implementation_cmake/cmake)
[2.832s] -- Found rmw_fastrtps_cpp: 6.3.0 (/opt/ros/rolling/share/rmw_fastrtps_cpp/cmake)
[3.017s] -- Found OpenSSL: /usr/lib/x86_64-linux-gnu/libcrypto.so (found version "3.0.2")  
[3.056s] -- Found FastRTPS: /opt/ros/rolling/include  
[3.109s] -- Using RMW implementation 'rmw_fastrtps_cpp' as default
[3.396s] -- Found ament_lint_auto: 0.13.1 (/opt/ros/rolling/share/ament_lint_auto/cmake)
[3.518s] -- Added test 'cppcheck' to perform static code analysis on C / C++ code
[3.518s] -- Configured cppcheck include dirs: 
[3.518s] -- Configured cppcheck exclude dirs and/or files: 
[3.520s] -- Added test 'lint_cmake' to check CMake code style
[3.523s] -- Added test 'uncrustify' to check C / C++ code style
[3.523s] -- Configured uncrustify additional arguments: 
[3.524s] -- Added test 'xmllint' to check XML markup files
[3.529s] -- Configuring done
[3.546s] -- Generating done
[3.549s] -- Build files have been written to: /home/ros2/town_ws/src/build/village_wang
[3.562s] Invoked command in '/home/ros2/town_ws/src/build/village_wang' returned '0': CMAKE_PREFIX_PATH=/opt/ros/rolling /usr/bin/cmake /home/ros2/town_ws/src/village_wang -DCMAKE_INSTALL_PREFIX=/home/ros2/town_ws/src/install/village_wang
[3.564s] Invoking command in '/home/ros2/town_ws/src/build/village_wang': CMAKE_PREFIX_PATH=/opt/ros/rolling /usr/bin/cmake --build /home/ros2/town_ws/src/build/village_wang -- -j2 -l2
[3.647s] [ 50%] [32mBuilding CXX object CMakeFiles/wang2_node.dir/src/wang2.cpp.o[0m
[4.398s] [01m[K/home/ros2/town_ws/src/village_wang/src/wang2.cpp:2:10:[m[K [01;31m[Kfatal error: [m[Kstd_msgs/msg/string.hpp: No such file or directory
[4.398s]     2 | #include [01;31m[K"std_msgs/msg/string.hpp"[m[K
[4.398s]       |          [01;31m[K^~~~~~~~~~~~~~~~~~~~~~~~~[m[K
[4.398s] compilation terminated.
[4.403s] gmake[2]: *** [CMakeFiles/wang2_node.dir/build.make:76: CMakeFiles/wang2_node.dir/src/wang2.cpp.o] Error 1
[4.404s] gmake[1]: *** [CMakeFiles/Makefile2:137: CMakeFiles/wang2_node.dir/all] Error 2
[4.404s] gmake: *** [Makefile:146: all] Error 2
[4.405s] Invoked command in '/home/ros2/town_ws/src/build/village_wang' returned '2': CMAKE_PREFIX_PATH=/opt/ros/rolling /usr/bin/cmake --build /home/ros2/town_ws/src/build/village_wang -- -j2 -l2
