[0.894s] DEBUG:colcon:Command line arguments: ['/usr/bin/colcon', 'build']
[0.894s] DEBUG:colcon:Parsed command line arguments: Namespace(log_base=None, log_level=None, verb_name='build', build_base='build', install_base='install', merge_install=False, symlink_install=False, test_result_base=None, continue_on_error=False, executor='parallel', parallel_workers=2, event_handlers=None, ignore_user_meta=False, metas=['./colcon.meta'], base_paths=['.'], packages_ignore=None, packages_ignore_regex=None, paths=None, packages_up_to=None, packages_up_to_regex=None, packages_above=None, packages_above_and_dependencies=None, packages_above_depth=None, packages_select_by_dep=None, packages_skip_by_dep=None, packages_skip_up_to=None, packages_select_build_failed=False, packages_skip_build_finished=False, packages_select_test_failures=False, packages_skip_test_passed=False, packages_select=None, packages_skip=None, packages_select_regex=None, packages_skip_regex=None, packages_start=None, packages_end=None, allow_overriding=[], cmake_args=None, cmake_target=None, cmake_target_skip_unavailable=False, cmake_clean_cache=False, cmake_clean_first=False, cmake_force_configure=False, ament_cmake_args=None, catkin_cmake_args=None, catkin_skip_building_tests=False, verb_parser=<colcon_defaults.argument_parser.defaults.DefaultArgumentsDecorator object at 0x7f063ec75150>, verb_extension=<colcon_core.verb.build.BuildVerb object at 0x7f063f604100>, main=<bound method BuildVerb.main of <colcon_core.verb.build.BuildVerb object at 0x7f063f604100>>)
[0.991s] Level 1:colcon.colcon_core.package_discovery:discover_packages(colcon_meta) check parameters
[0.991s] Level 1:colcon.colcon_core.package_discovery:discover_packages(recursive) check parameters
[0.991s] Level 1:colcon.colcon_core.package_discovery:discover_packages(ignore) check parameters
[0.991s] Level 1:colcon.colcon_core.package_discovery:discover_packages(path) check parameters
[0.991s] Level 1:colcon.colcon_core.package_discovery:discover_packages(colcon_meta) discover
[0.991s] Level 1:colcon.colcon_core.package_discovery:discover_packages(recursive) discover
[0.991s] INFO:colcon.colcon_core.package_discovery:Crawling recursively for packages in '/home/ros2/town_ws/src'
[0.991s] Level 1:colcon.colcon_core.package_identification:_identify(.) by extensions ['ignore', 'ignore_ament_install']
[0.991s] Level 1:colcon.colcon_core.package_identification:_identify(.) by extension 'ignore'
[0.992s] Level 1:colcon.colcon_core.package_identification:_identify(.) by extension 'ignore_ament_install'
[0.992s] Level 1:colcon.colcon_core.package_identification:_identify(.) by extensions ['colcon_pkg']
[0.992s] Level 1:colcon.colcon_core.package_identification:_identify(.) by extension 'colcon_pkg'
[0.992s] Level 1:colcon.colcon_core.package_identification:_identify(.) by extensions ['colcon_meta']
[0.992s] Level 1:colcon.colcon_core.package_identification:_identify(.) by extension 'colcon_meta'
[0.992s] Level 1:colcon.colcon_core.package_identification:_identify(.) by extensions ['ros']
[0.992s] Level 1:colcon.colcon_core.package_identification:_identify(.) by extension 'ros'
[1.016s] Level 1:colcon.colcon_core.package_identification:_identify(.) by extensions ['cmake', 'python']
[1.016s] Level 1:colcon.colcon_core.package_identification:_identify(.) by extension 'cmake'
[1.016s] Level 1:colcon.colcon_core.package_identification:_identify(.) by extension 'python'
[1.016s] Level 1:colcon.colcon_core.package_identification:_identify(.) by extensions ['python_setup_py']
[1.016s] Level 1:colcon.colcon_core.package_identification:_identify(.) by extension 'python_setup_py'
[1.016s] Level 1:colcon.colcon_core.package_identification:_identify(build) by extensions ['ignore', 'ignore_ament_install']
[1.016s] Level 1:colcon.colcon_core.package_identification:_identify(build) by extension 'ignore'
[1.017s] Level 1:colcon.colcon_core.package_identification:_identify(build) ignored
[1.017s] Level 1:colcon.colcon_core.package_identification:_identify(install) by extensions ['ignore', 'ignore_ament_install']
[1.017s] Level 1:colcon.colcon_core.package_identification:_identify(install) by extension 'ignore'
[1.017s] Level 1:colcon.colcon_core.package_identification:_identify(install) ignored
[1.017s] Level 1:colcon.colcon_core.package_identification:_identify(log) by extensions ['ignore', 'ignore_ament_install']
[1.017s] Level 1:colcon.colcon_core.package_identification:_identify(log) by extension 'ignore'
[1.017s] Level 1:colcon.colcon_core.package_identification:_identify(log) ignored
[1.017s] Level 1:colcon.colcon_core.package_identification:_identify(village_li) by extensions ['ignore', 'ignore_ament_install']
[1.017s] Level 1:colcon.colcon_core.package_identification:_identify(village_li) by extension 'ignore'
[1.017s] Level 1:colcon.colcon_core.package_identification:_identify(village_li) by extension 'ignore_ament_install'
[1.017s] Level 1:colcon.colcon_core.package_identification:_identify(village_li) by extensions ['colcon_pkg']
[1.017s] Level 1:colcon.colcon_core.package_identification:_identify(village_li) by extension 'colcon_pkg'
[1.017s] Level 1:colcon.colcon_core.package_identification:_identify(village_li) by extensions ['colcon_meta']
[1.018s] Level 1:colcon.colcon_core.package_identification:_identify(village_li) by extension 'colcon_meta'
[1.018s] Level 1:colcon.colcon_core.package_identification:_identify(village_li) by extensions ['ros']
[1.018s] Level 1:colcon.colcon_core.package_identification:_identify(village_li) by extension 'ros'
[1.024s] DEBUG:colcon.colcon_core.package_identification:Package 'village_li' with type 'ros.ament_python' and name 'village_li'
[1.024s] Level 1:colcon.colcon_core.package_identification:_identify(village_wang) by extensions ['ignore', 'ignore_ament_install']
[1.035s] Level 1:colcon.colcon_core.package_identification:_identify(village_wang) by extension 'ignore'
[1.035s] Level 1:colcon.colcon_core.package_identification:_identify(village_wang) by extension 'ignore_ament_install'
[1.035s] Level 1:colcon.colcon_core.package_identification:_identify(village_wang) by extensions ['colcon_pkg']
[1.035s] Level 1:colcon.colcon_core.package_identification:_identify(village_wang) by extension 'colcon_pkg'
[1.035s] Level 1:colcon.colcon_core.package_identification:_identify(village_wang) by extensions ['colcon_meta']
[1.035s] Level 1:colcon.colcon_core.package_identification:_identify(village_wang) by extension 'colcon_meta'
[1.035s] Level 1:colcon.colcon_core.package_identification:_identify(village_wang) by extensions ['ros']
[1.035s] Level 1:colcon.colcon_core.package_identification:_identify(village_wang) by extension 'ros'
[1.037s] DEBUG:colcon.colcon_core.package_identification:Package 'village_wang' with type 'ros.ament_cmake' and name 'village_wang'
[1.037s] Level 1:colcon.colcon_core.package_discovery:discover_packages(recursive) using defaults
[1.037s] Level 1:colcon.colcon_core.package_discovery:discover_packages(ignore) discover
[1.037s] Level 1:colcon.colcon_core.package_discovery:discover_packages(ignore) using defaults
[1.037s] Level 1:colcon.colcon_core.package_discovery:discover_packages(path) discover
[1.037s] Level 1:colcon.colcon_core.package_discovery:discover_packages(path) using defaults
[1.101s] Level 1:colcon.colcon_core.package_discovery:discover_packages(prefix_path) check parameters
[1.101s] Level 1:colcon.colcon_core.package_discovery:discover_packages(prefix_path) discover
[1.111s] DEBUG:colcon.colcon_installed_package_information.package_discovery:Found 270 installed packages in /opt/ros/rolling
[1.113s] Level 1:colcon.colcon_core.package_discovery:discover_packages(prefix_path) using defaults
[1.180s] Level 5:colcon.colcon_core.verb:set package 'village_li' build argument 'cmake_args' from command line to 'None'
[1.181s] Level 5:colcon.colcon_core.verb:set package 'village_li' build argument 'cmake_target' from command line to 'None'
[1.181s] Level 5:colcon.colcon_core.verb:set package 'village_li' build argument 'cmake_target_skip_unavailable' from command line to 'False'
[1.181s] Level 5:colcon.colcon_core.verb:set package 'village_li' build argument 'cmake_clean_cache' from command line to 'False'
[1.181s] Level 5:colcon.colcon_core.verb:set package 'village_li' build argument 'cmake_clean_first' from command line to 'False'
[1.181s] Level 5:colcon.colcon_core.verb:set package 'village_li' build argument 'cmake_force_configure' from command line to 'False'
[1.181s] Level 5:colcon.colcon_core.verb:set package 'village_li' build argument 'ament_cmake_args' from command line to 'None'
[1.181s] Level 5:colcon.colcon_core.verb:set package 'village_li' build argument 'catkin_cmake_args' from command line to 'None'
[1.181s] Level 5:colcon.colcon_core.verb:set package 'village_li' build argument 'catkin_skip_building_tests' from command line to 'False'
[1.181s] DEBUG:colcon.colcon_core.verb:Building package 'village_li' with the following arguments: {'ament_cmake_args': None, 'build_base': '/home/ros2/town_ws/src/build/village_li', 'catkin_cmake_args': None, 'catkin_skip_building_tests': False, 'cmake_args': None, 'cmake_clean_cache': False, 'cmake_clean_first': False, 'cmake_force_configure': False, 'cmake_target': None, 'cmake_target_skip_unavailable': False, 'install_base': '/home/ros2/town_ws/src/install/village_li', 'merge_install': False, 'path': '/home/ros2/town_ws/src/village_li', 'symlink_install': False, 'test_result_base': None}
[1.182s] Level 5:colcon.colcon_core.verb:set package 'village_wang' build argument 'cmake_args' from command line to 'None'
[1.182s] Level 5:colcon.colcon_core.verb:set package 'village_wang' build argument 'cmake_target' from command line to 'None'
[1.182s] Level 5:colcon.colcon_core.verb:set package 'village_wang' build argument 'cmake_target_skip_unavailable' from command line to 'False'
[1.182s] Level 5:colcon.colcon_core.verb:set package 'village_wang' build argument 'cmake_clean_cache' from command line to 'False'
[1.182s] Level 5:colcon.colcon_core.verb:set package 'village_wang' build argument 'cmake_clean_first' from command line to 'False'
[1.182s] Level 5:colcon.colcon_core.verb:set package 'village_wang' build argument 'cmake_force_configure' from command line to 'False'
[1.182s] Level 5:colcon.colcon_core.verb:set package 'village_wang' build argument 'ament_cmake_args' from command line to 'None'
[1.183s] Level 5:colcon.colcon_core.verb:set package 'village_wang' build argument 'catkin_cmake_args' from command line to 'None'
[1.183s] Level 5:colcon.colcon_core.verb:set package 'village_wang' build argument 'catkin_skip_building_tests' from command line to 'False'
[1.183s] DEBUG:colcon.colcon_core.verb:Building package 'village_wang' with the following arguments: {'ament_cmake_args': None, 'build_base': '/home/ros2/town_ws/src/build/village_wang', 'catkin_cmake_args': None, 'catkin_skip_building_tests': False, 'cmake_args': None, 'cmake_clean_cache': False, 'cmake_clean_first': False, 'cmake_force_configure': False, 'cmake_target': None, 'cmake_target_skip_unavailable': False, 'install_base': '/home/ros2/town_ws/src/install/village_wang', 'merge_install': False, 'path': '/home/ros2/town_ws/src/village_wang', 'symlink_install': False, 'test_result_base': None}
[1.183s] INFO:colcon.colcon_core.executor:Executing jobs using 'parallel' executor
[1.189s] DEBUG:colcon.colcon_parallel_executor.executor.parallel:run_until_complete
[1.196s] INFO:colcon.colcon_ros.task.ament_python.build:Building ROS package in '/home/ros2/town_ws/src/village_li' with build type 'ament_python'
[1.199s] Level 1:colcon.colcon_core.shell:create_environment_hook('village_li', 'ament_prefix_path')
[1.221s] INFO:colcon.colcon_core.plugin_system:Skipping extension 'colcon_core.shell.bat': Not used on non-Windows systems
[1.222s] INFO:colcon.colcon_core.shell:Creating environment hook '/home/ros2/town_ws/src/install/village_li/share/village_li/hook/ament_prefix_path.ps1'
[1.228s] INFO:colcon.colcon_core.shell:Creating environment descriptor '/home/ros2/town_ws/src/install/village_li/share/village_li/hook/ament_prefix_path.dsv'
[1.231s] INFO:colcon.colcon_core.shell:Creating environment hook '/home/ros2/town_ws/src/install/village_li/share/village_li/hook/ament_prefix_path.sh'
[1.233s] INFO:colcon.colcon_core.shell:Skip shell extension 'powershell' for command environment: Not usable outside of PowerShell
[1.234s] DEBUG:colcon.colcon_core.shell:Skip shell extension 'dsv' for command environment
[1.251s] INFO:colcon.colcon_ros.task.ament_cmake.build:Building ROS package in '/home/ros2/town_ws/src/village_wang' with build type 'ament_cmake'
[1.253s] INFO:colcon.colcon_cmake.task.cmake.build:Building CMake package in '/home/ros2/town_ws/src/village_wang'
[1.254s] INFO:colcon.colcon_core.shell:Skip shell extension 'powershell' for command environment: Not usable outside of PowerShell
[1.254s] DEBUG:colcon.colcon_core.shell:Skip shell extension 'dsv' for command environment
[1.596s] INFO:colcon.colcon_core.task.python.build:Building Python package in '/home/ros2/town_ws/src/village_li'
[1.598s] INFO:colcon.colcon_core.shell:Skip shell extension 'powershell' for command environment: Not usable outside of PowerShell
[1.598s] DEBUG:colcon.colcon_core.shell:Skip shell extension 'dsv' for command environment
[1.608s] DEBUG:colcon.colcon_core.event_handler.log_command:Invoking command in '/home/ros2/town_ws/src/build/village_wang': CMAKE_PREFIX_PATH=/opt/ros/rolling /usr/bin/cmake /home/ros2/town_ws/src/village_wang -DCMAKE_INSTALL_PREFIX=/home/ros2/town_ws/src/install/village_wang
[2.544s] DEBUG:colcon.colcon_core.event_handler.log_command:Invoking command in '/home/ros2/town_ws/src/village_li': PYTHONPATH=/home/ros2/town_ws/src/install/village_li/lib/python3.10/site-packages:${PYTHONPATH} /usr/bin/python3 setup.py egg_info --egg-base ../build/village_li build --build-base /home/ros2/town_ws/src/build/village_li/build install --prefix /home/ros2/town_ws/src/install/village_li --record /home/ros2/town_ws/src/build/village_li/install.log --single-version-externally-managed
[3.461s] DEBUG:colcon.colcon_core.event_handler.log_command:Invoked command in '/home/ros2/town_ws/src/village_li' returned '0': PYTHONPATH=/home/ros2/town_ws/src/install/village_li/lib/python3.10/site-packages:${PYTHONPATH} /usr/bin/python3 setup.py egg_info --egg-base ../build/village_li build --build-base /home/ros2/town_ws/src/build/village_li/build install --prefix /home/ros2/town_ws/src/install/village_li --record /home/ros2/town_ws/src/build/village_li/install.log --single-version-externally-managed
[3.484s] Level 1:colcon.colcon_core.environment:checking '/home/ros2/town_ws/src/install/village_li' for CMake module files
[3.484s] Level 1:colcon.colcon_core.environment:checking '/home/ros2/town_ws/src/install/village_li' for CMake config files
[3.485s] Level 1:colcon.colcon_core.environment:checking '/home/ros2/town_ws/src/install/village_li/lib'
[3.485s] Level 1:colcon.colcon_core.environment:checking '/home/ros2/town_ws/src/install/village_li/bin'
[3.485s] Level 1:colcon.colcon_core.environment:checking '/home/ros2/town_ws/src/install/village_li/lib/pkgconfig/village_li.pc'
[3.486s] Level 1:colcon.colcon_core.environment:checking '/home/ros2/town_ws/src/install/village_li/lib/python3.10/site-packages'
[3.486s] Level 1:colcon.colcon_core.shell:create_environment_hook('village_li', 'pythonpath')
[3.488s] INFO:colcon.colcon_core.shell:Creating environment hook '/home/ros2/town_ws/src/install/village_li/share/village_li/hook/pythonpath.ps1'
[3.488s] INFO:colcon.colcon_core.shell:Creating environment descriptor '/home/ros2/town_ws/src/install/village_li/share/village_li/hook/pythonpath.dsv'
[3.491s] INFO:colcon.colcon_core.shell:Creating environment hook '/home/ros2/town_ws/src/install/village_li/share/village_li/hook/pythonpath.sh'
[3.491s] Level 1:colcon.colcon_core.environment:checking '/home/ros2/town_ws/src/install/village_li/bin'
[3.492s] Level 1:colcon.colcon_core.environment:create_environment_scripts_only(village_li)
[3.493s] INFO:colcon.colcon_core.shell:Creating package script '/home/ros2/town_ws/src/install/village_li/share/village_li/package.ps1'
[3.497s] INFO:colcon.colcon_core.shell:Creating package descriptor '/home/ros2/town_ws/src/install/village_li/share/village_li/package.dsv'
[3.499s] INFO:colcon.colcon_core.shell:Creating package script '/home/ros2/town_ws/src/install/village_li/share/village_li/package.sh'
[3.500s] INFO:colcon.colcon_core.shell:Creating package script '/home/ros2/town_ws/src/install/village_li/share/village_li/package.bash'
[3.502s] INFO:colcon.colcon_core.shell:Creating package script '/home/ros2/town_ws/src/install/village_li/share/village_li/package.zsh'
[3.505s] Level 1:colcon.colcon_core.environment:create_file_with_runtime_dependencies(/home/ros2/town_ws/src/install/village_li/share/colcon-core/packages/village_li)
[4.814s] DEBUG:colcon.colcon_core.event_handler.log_command:Invoked command in '/home/ros2/town_ws/src/build/village_wang' returned '0': CMAKE_PREFIX_PATH=/opt/ros/rolling /usr/bin/cmake /home/ros2/town_ws/src/village_wang -DCMAKE_INSTALL_PREFIX=/home/ros2/town_ws/src/install/village_wang
[4.815s] DEBUG:colcon.colcon_core.event_handler.log_command:Invoking command in '/home/ros2/town_ws/src/build/village_wang': CMAKE_PREFIX_PATH=/opt/ros/rolling /usr/bin/cmake --build /home/ros2/town_ws/src/build/village_wang -- -j2 -l2
[5.656s] DEBUG:colcon.colcon_core.event_handler.log_command:Invoked command in '/home/ros2/town_ws/src/build/village_wang' returned '2': CMAKE_PREFIX_PATH=/opt/ros/rolling /usr/bin/cmake --build /home/ros2/town_ws/src/build/village_wang -- -j2 -l2
[5.694s] Level 1:colcon.colcon_core.environment:create_environment_scripts_only(village_wang)
[5.696s] Level 1:colcon.colcon_core.environment:checking '/home/ros2/town_ws/src/install/village_wang' for CMake module files
[5.696s] Level 1:colcon.colcon_core.environment:checking '/home/ros2/town_ws/src/install/village_wang' for CMake config files
[5.697s] Level 1:colcon.colcon_core.environment:checking '/home/ros2/town_ws/src/install/village_wang/bin'
[5.697s] Level 1:colcon.colcon_core.environment:checking '/home/ros2/town_ws/src/install/village_wang/lib/pkgconfig/village_wang.pc'
[5.697s] Level 1:colcon.colcon_core.environment:checking '/home/ros2/town_ws/src/install/village_wang/lib/python3.10/site-packages'
[5.697s] Level 1:colcon.colcon_core.environment:checking '/home/ros2/town_ws/src/install/village_wang/bin'
[5.699s] INFO:colcon.colcon_core.shell:Creating package script '/home/ros2/town_ws/src/install/village_wang/share/village_wang/package.ps1'
[5.699s] INFO:colcon.colcon_core.shell:Creating package descriptor '/home/ros2/town_ws/src/install/village_wang/share/village_wang/package.dsv'
[5.701s] INFO:colcon.colcon_core.shell:Creating package script '/home/ros2/town_ws/src/install/village_wang/share/village_wang/package.sh'
[5.701s] INFO:colcon.colcon_core.shell:Creating package script '/home/ros2/town_ws/src/install/village_wang/share/village_wang/package.bash'
[5.702s] INFO:colcon.colcon_core.shell:Creating package script '/home/ros2/town_ws/src/install/village_wang/share/village_wang/package.zsh'
[5.702s] Level 1:colcon.colcon_core.environment:create_file_with_runtime_dependencies(/home/ros2/town_ws/src/install/village_wang/share/colcon-core/packages/village_wang)
[5.713s] DEBUG:colcon.colcon_parallel_executor.executor.parallel:closing loop
[5.713s] DEBUG:colcon.colcon_parallel_executor.executor.parallel:loop closed
[5.713s] DEBUG:colcon.colcon_parallel_executor.executor.parallel:run_until_complete finished with '2'
[5.713s] DEBUG:colcon.colcon_core.event_reactor:joining thread
[5.732s] INFO:colcon.colcon_core.plugin_system:Skipping extension 'colcon_notification.desktop_notification.terminal_notifier': Not used on non-Darwin systems
[5.732s] INFO:colcon.colcon_core.plugin_system:Skipping extension 'colcon_notification.desktop_notification.win32': Not used on non-Windows systems
[5.732s] INFO:colcon.colcon_notification.desktop_notification:Sending desktop notification using 'notify2'
[5.826s] DEBUG:colcon.colcon_core.event_reactor:joined thread
[5.827s] INFO:colcon.colcon_core.shell:Creating prefix script '/home/ros2/town_ws/src/install/local_setup.ps1'
[5.829s] INFO:colcon.colcon_core.shell:Creating prefix util module '/home/ros2/town_ws/src/install/_local_setup_util_ps1.py'
[5.831s] INFO:colcon.colcon_core.shell:Creating prefix chain script '/home/ros2/town_ws/src/install/setup.ps1'
[5.833s] INFO:colcon.colcon_core.shell:Creating prefix script '/home/ros2/town_ws/src/install/local_setup.sh'
[5.834s] INFO:colcon.colcon_core.shell:Creating prefix util module '/home/ros2/town_ws/src/install/_local_setup_util_sh.py'
[5.834s] INFO:colcon.colcon_core.shell:Creating prefix chain script '/home/ros2/town_ws/src/install/setup.sh'
[5.838s] INFO:colcon.colcon_core.shell:Creating prefix script '/home/ros2/town_ws/src/install/local_setup.bash'
[5.839s] INFO:colcon.colcon_core.shell:Creating prefix chain script '/home/ros2/town_ws/src/install/setup.bash'
[5.841s] INFO:colcon.colcon_core.shell:Creating prefix script '/home/ros2/town_ws/src/install/local_setup.zsh'
[5.842s] INFO:colcon.colcon_core.shell:Creating prefix chain script '/home/ros2/town_ws/src/install/setup.zsh'
