[0.341s] DEBUG:colcon:Command line arguments: ['/usr/bin/colcon', 'build']
[0.341s] DEBUG:colcon:Parsed command line arguments: Namespace(log_base=None, log_level=None, verb_name='build', build_base='build', install_base='install', merge_install=False, symlink_install=False, test_result_base=None, continue_on_error=False, executor='parallel', parallel_workers=2, event_handlers=None, ignore_user_meta=False, metas=['./colcon.meta'], base_paths=['.'], packages_ignore=None, packages_ignore_regex=None, paths=None, packages_up_to=None, packages_up_to_regex=None, packages_above=None, packages_above_and_dependencies=None, packages_above_depth=None, packages_select_by_dep=None, packages_skip_by_dep=None, packages_skip_up_to=None, packages_select_build_failed=False, packages_skip_build_finished=False, packages_select_test_failures=False, packages_skip_test_passed=False, packages_select=None, packages_skip=None, packages_select_regex=None, packages_skip_regex=None, packages_start=None, packages_end=None, allow_overriding=[], cmake_args=None, cmake_target=None, cmake_target_skip_unavailable=False, cmake_clean_cache=False, cmake_clean_first=False, cmake_force_configure=False, ament_cmake_args=None, catkin_cmake_args=None, catkin_skip_building_tests=False, verb_parser=<colcon_defaults.argument_parser.defaults.DefaultArgumentsDecorator object at 0x7f7cbcff9300>, verb_extension=<colcon_core.verb.build.BuildVerb object at 0x7f7cbd988dc0>, main=<bound method BuildVerb.main of <colcon_core.verb.build.BuildVerb object at 0x7f7cbd988dc0>>)
[0.372s] Level 1:colcon.colcon_core.package_discovery:discover_packages(colcon_meta) check parameters
[0.372s] Level 1:colcon.colcon_core.package_discovery:discover_packages(recursive) check parameters
[0.372s] Level 1:colcon.colcon_core.package_discovery:discover_packages(ignore) check parameters
[0.372s] Level 1:colcon.colcon_core.package_discovery:discover_packages(path) check parameters
[0.372s] Level 1:colcon.colcon_core.package_discovery:discover_packages(colcon_meta) discover
[0.373s] Level 1:colcon.colcon_core.package_discovery:discover_packages(recursive) discover
[0.373s] INFO:colcon.colcon_core.package_discovery:Crawling recursively for packages in '/home/ros2/town_ws/src'
[0.373s] Level 1:colcon.colcon_core.package_identification:_identify(.) by extensions ['ignore', 'ignore_ament_install']
[0.373s] Level 1:colcon.colcon_core.package_identification:_identify(.) by extension 'ignore'
[0.373s] Level 1:colcon.colcon_core.package_identification:_identify(.) by extension 'ignore_ament_install'
[0.373s] Level 1:colcon.colcon_core.package_identification:_identify(.) by extensions ['colcon_pkg']
[0.373s] Level 1:colcon.colcon_core.package_identification:_identify(.) by extension 'colcon_pkg'
[0.373s] Level 1:colcon.colcon_core.package_identification:_identify(.) by extensions ['colcon_meta']
[0.373s] Level 1:colcon.colcon_core.package_identification:_identify(.) by extension 'colcon_meta'
[0.373s] Level 1:colcon.colcon_core.package_identification:_identify(.) by extensions ['ros']
[0.373s] Level 1:colcon.colcon_core.package_identification:_identify(.) by extension 'ros'
[0.388s] Level 1:colcon.colcon_core.package_identification:_identify(.) by extensions ['cmake', 'python']
[0.388s] Level 1:colcon.colcon_core.package_identification:_identify(.) by extension 'cmake'
[0.389s] Level 1:colcon.colcon_core.package_identification:_identify(.) by extension 'python'
[0.389s] Level 1:colcon.colcon_core.package_identification:_identify(.) by extensions ['python_setup_py']
[0.389s] Level 1:colcon.colcon_core.package_identification:_identify(.) by extension 'python_setup_py'
[0.389s] Level 1:colcon.colcon_core.package_identification:_identify(build) by extensions ['ignore', 'ignore_ament_install']
[0.389s] Level 1:colcon.colcon_core.package_identification:_identify(build) by extension 'ignore'
[0.389s] Level 1:colcon.colcon_core.package_identification:_identify(build) ignored
[0.389s] Level 1:colcon.colcon_core.package_identification:_identify(install) by extensions ['ignore', 'ignore_ament_install']
[0.389s] Level 1:colcon.colcon_core.package_identification:_identify(install) by extension 'ignore'
[0.390s] Level 1:colcon.colcon_core.package_identification:_identify(install) ignored
[0.390s] Level 1:colcon.colcon_core.package_identification:_identify(log) by extensions ['ignore', 'ignore_ament_install']
[0.390s] Level 1:colcon.colcon_core.package_identification:_identify(log) by extension 'ignore'
[0.391s] Level 1:colcon.colcon_core.package_identification:_identify(log) ignored
[0.391s] Level 1:colcon.colcon_core.package_identification:_identify(village_li) by extensions ['ignore', 'ignore_ament_install']
[0.391s] Level 1:colcon.colcon_core.package_identification:_identify(village_li) by extension 'ignore'
[0.391s] Level 1:colcon.colcon_core.package_identification:_identify(village_li) by extension 'ignore_ament_install'
[0.391s] Level 1:colcon.colcon_core.package_identification:_identify(village_li) by extensions ['colcon_pkg']
[0.391s] Level 1:colcon.colcon_core.package_identification:_identify(village_li) by extension 'colcon_pkg'
[0.391s] Level 1:colcon.colcon_core.package_identification:_identify(village_li) by extensions ['colcon_meta']
[0.391s] Level 1:colcon.colcon_core.package_identification:_identify(village_li) by extension 'colcon_meta'
[0.391s] Level 1:colcon.colcon_core.package_identification:_identify(village_li) by extensions ['ros']
[0.392s] Level 1:colcon.colcon_core.package_identification:_identify(village_li) by extension 'ros'
[0.394s] DEBUG:colcon.colcon_core.package_identification:Package 'village_li' with type 'ros.ament_python' and name 'village_li'
[0.395s] Level 1:colcon.colcon_core.package_identification:_identify(village_wang) by extensions ['ignore', 'ignore_ament_install']
[0.407s] Level 1:colcon.colcon_core.package_identification:_identify(village_wang) by extension 'ignore'
[0.408s] Level 1:colcon.colcon_core.package_identification:_identify(village_wang) by extension 'ignore_ament_install'
[0.408s] Level 1:colcon.colcon_core.package_identification:_identify(village_wang) by extensions ['colcon_pkg']
[0.408s] Level 1:colcon.colcon_core.package_identification:_identify(village_wang) by extension 'colcon_pkg'
[0.408s] Level 1:colcon.colcon_core.package_identification:_identify(village_wang) by extensions ['colcon_meta']
[0.408s] Level 1:colcon.colcon_core.package_identification:_identify(village_wang) by extension 'colcon_meta'
[0.408s] Level 1:colcon.colcon_core.package_identification:_identify(village_wang) by extensions ['ros']
[0.408s] Level 1:colcon.colcon_core.package_identification:_identify(village_wang) by extension 'ros'
[0.409s] DEBUG:colcon.colcon_core.package_identification:Package 'village_wang' with type 'ros.ament_cmake' and name 'village_wang'
[0.409s] Level 1:colcon.colcon_core.package_discovery:discover_packages(recursive) using defaults
[0.409s] Level 1:colcon.colcon_core.package_discovery:discover_packages(ignore) discover
[0.409s] Level 1:colcon.colcon_core.package_discovery:discover_packages(ignore) using defaults
[0.409s] Level 1:colcon.colcon_core.package_discovery:discover_packages(path) discover
[0.409s] Level 1:colcon.colcon_core.package_discovery:discover_packages(path) using defaults
[0.439s] Level 1:colcon.colcon_core.package_discovery:discover_packages(prefix_path) check parameters
[0.439s] Level 1:colcon.colcon_core.package_discovery:discover_packages(prefix_path) discover
[0.442s] DEBUG:colcon.colcon_installed_package_information.package_discovery:Found 2 installed packages in /home/ros2/town_ws/src/install
[0.444s] DEBUG:colcon.colcon_installed_package_information.package_discovery:Found 270 installed packages in /opt/ros/rolling
[0.446s] Level 1:colcon.colcon_core.package_discovery:discover_packages(prefix_path) using defaults
[0.514s] Level 5:colcon.colcon_core.verb:set package 'village_li' build argument 'cmake_args' from command line to 'None'
[0.514s] Level 5:colcon.colcon_core.verb:set package 'village_li' build argument 'cmake_target' from command line to 'None'
[0.514s] Level 5:colcon.colcon_core.verb:set package 'village_li' build argument 'cmake_target_skip_unavailable' from command line to 'False'
[0.514s] Level 5:colcon.colcon_core.verb:set package 'village_li' build argument 'cmake_clean_cache' from command line to 'False'
[0.514s] Level 5:colcon.colcon_core.verb:set package 'village_li' build argument 'cmake_clean_first' from command line to 'False'
[0.514s] Level 5:colcon.colcon_core.verb:set package 'village_li' build argument 'cmake_force_configure' from command line to 'False'
[0.514s] Level 5:colcon.colcon_core.verb:set package 'village_li' build argument 'ament_cmake_args' from command line to 'None'
[0.514s] Level 5:colcon.colcon_core.verb:set package 'village_li' build argument 'catkin_cmake_args' from command line to 'None'
[0.514s] Level 5:colcon.colcon_core.verb:set package 'village_li' build argument 'catkin_skip_building_tests' from command line to 'False'
[0.514s] DEBUG:colcon.colcon_core.verb:Building package 'village_li' with the following arguments: {'ament_cmake_args': None, 'build_base': '/home/ros2/town_ws/src/build/village_li', 'catkin_cmake_args': None, 'catkin_skip_building_tests': False, 'cmake_args': None, 'cmake_clean_cache': False, 'cmake_clean_first': False, 'cmake_force_configure': False, 'cmake_target': None, 'cmake_target_skip_unavailable': False, 'install_base': '/home/ros2/town_ws/src/install/village_li', 'merge_install': False, 'path': '/home/ros2/town_ws/src/village_li', 'symlink_install': False, 'test_result_base': None}
[0.516s] Level 5:colcon.colcon_core.verb:set package 'village_wang' build argument 'cmake_args' from command line to 'None'
[0.516s] Level 5:colcon.colcon_core.verb:set package 'village_wang' build argument 'cmake_target' from command line to 'None'
[0.516s] Level 5:colcon.colcon_core.verb:set package 'village_wang' build argument 'cmake_target_skip_unavailable' from command line to 'False'
[0.516s] Level 5:colcon.colcon_core.verb:set package 'village_wang' build argument 'cmake_clean_cache' from command line to 'False'
[0.516s] Level 5:colcon.colcon_core.verb:set package 'village_wang' build argument 'cmake_clean_first' from command line to 'False'
[0.516s] Level 5:colcon.colcon_core.verb:set package 'village_wang' build argument 'cmake_force_configure' from command line to 'False'
[0.516s] Level 5:colcon.colcon_core.verb:set package 'village_wang' build argument 'ament_cmake_args' from command line to 'None'
[0.516s] Level 5:colcon.colcon_core.verb:set package 'village_wang' build argument 'catkin_cmake_args' from command line to 'None'
[0.516s] Level 5:colcon.colcon_core.verb:set package 'village_wang' build argument 'catkin_skip_building_tests' from command line to 'False'
[0.516s] DEBUG:colcon.colcon_core.verb:Building package 'village_wang' with the following arguments: {'ament_cmake_args': None, 'build_base': '/home/ros2/town_ws/src/build/village_wang', 'catkin_cmake_args': None, 'catkin_skip_building_tests': False, 'cmake_args': None, 'cmake_clean_cache': False, 'cmake_clean_first': False, 'cmake_force_configure': False, 'cmake_target': None, 'cmake_target_skip_unavailable': False, 'install_base': '/home/ros2/town_ws/src/install/village_wang', 'merge_install': False, 'path': '/home/ros2/town_ws/src/village_wang', 'symlink_install': False, 'test_result_base': None}
[0.517s] INFO:colcon.colcon_core.executor:Executing jobs using 'parallel' executor
[0.522s] DEBUG:colcon.colcon_parallel_executor.executor.parallel:run_until_complete
[0.525s] INFO:colcon.colcon_ros.task.ament_python.build:Building ROS package in '/home/ros2/town_ws/src/village_li' with build type 'ament_python'
[0.526s] Level 1:colcon.colcon_core.shell:create_environment_hook('village_li', 'ament_prefix_path')
[0.533s] INFO:colcon.colcon_core.plugin_system:Skipping extension 'colcon_core.shell.bat': Not used on non-Windows systems
[0.534s] INFO:colcon.colcon_core.shell:Creating environment hook '/home/ros2/town_ws/src/install/village_li/share/village_li/hook/ament_prefix_path.ps1'
[0.536s] INFO:colcon.colcon_core.shell:Creating environment descriptor '/home/ros2/town_ws/src/install/village_li/share/village_li/hook/ament_prefix_path.dsv'
[0.538s] INFO:colcon.colcon_core.shell:Creating environment hook '/home/ros2/town_ws/src/install/village_li/share/village_li/hook/ament_prefix_path.sh'
[0.540s] INFO:colcon.colcon_core.shell:Skip shell extension 'powershell' for command environment: Not usable outside of PowerShell
[0.540s] DEBUG:colcon.colcon_core.shell:Skip shell extension 'dsv' for command environment
[0.548s] INFO:colcon.colcon_ros.task.ament_cmake.build:Building ROS package in '/home/ros2/town_ws/src/village_wang' with build type 'ament_cmake'
[0.548s] INFO:colcon.colcon_cmake.task.cmake.build:Building CMake package in '/home/ros2/town_ws/src/village_wang'
[0.550s] INFO:colcon.colcon_core.shell:Skip shell extension 'powershell' for command environment: Not usable outside of PowerShell
[0.550s] DEBUG:colcon.colcon_core.shell:Skip shell extension 'dsv' for command environment
[0.871s] INFO:colcon.colcon_core.task.python.build:Building Python package in '/home/ros2/town_ws/src/village_li'
[0.873s] INFO:colcon.colcon_core.shell:Skip shell extension 'powershell' for command environment: Not usable outside of PowerShell
[0.873s] DEBUG:colcon.colcon_core.shell:Skip shell extension 'dsv' for command environment
[0.886s] DEBUG:colcon.colcon_core.event_handler.log_command:Invoking command in '/home/ros2/town_ws/src/build/village_wang': CMAKE_PREFIX_PATH=/home/ros2/town_ws/src/install/village_li:/opt/ros/rolling /usr/bin/cmake --build /home/ros2/town_ws/src/build/village_wang -- -j2 -l2
[1.260s] DEBUG:colcon.colcon_core.event_handler.log_command:Invoked command in '/home/ros2/town_ws/src/build/village_wang' returned '2': CMAKE_PREFIX_PATH=/home/ros2/town_ws/src/install/village_li:/opt/ros/rolling /usr/bin/cmake --build /home/ros2/town_ws/src/build/village_wang -- -j2 -l2
[1.348s] Level 1:colcon.colcon_core.environment:create_environment_scripts_only(village_wang)
[1.368s] Level 1:colcon.colcon_core.environment:checking '/home/ros2/town_ws/src/install/village_wang' for CMake module files
[1.369s] Level 1:colcon.colcon_core.environment:checking '/home/ros2/town_ws/src/install/village_wang' for CMake config files
[1.369s] Level 1:colcon.colcon_core.environment:checking '/home/ros2/town_ws/src/install/village_wang/bin'
[1.370s] Level 1:colcon.colcon_core.environment:checking '/home/ros2/town_ws/src/install/village_wang/lib/pkgconfig/village_wang.pc'
[1.370s] Level 1:colcon.colcon_core.environment:checking '/home/ros2/town_ws/src/install/village_wang/lib/python3.10/site-packages'
[1.370s] Level 1:colcon.colcon_core.environment:checking '/home/ros2/town_ws/src/install/village_wang/bin'
[1.382s] INFO:colcon.colcon_core.shell:Creating package script '/home/ros2/town_ws/src/install/village_wang/share/village_wang/package.ps1'
[1.384s] INFO:colcon.colcon_core.shell:Creating package descriptor '/home/ros2/town_ws/src/install/village_wang/share/village_wang/package.dsv'
[1.384s] INFO:colcon.colcon_core.shell:Creating package script '/home/ros2/town_ws/src/install/village_wang/share/village_wang/package.sh'
[1.385s] INFO:colcon.colcon_core.shell:Creating package script '/home/ros2/town_ws/src/install/village_wang/share/village_wang/package.bash'
[1.386s] INFO:colcon.colcon_core.shell:Creating package script '/home/ros2/town_ws/src/install/village_wang/share/village_wang/package.zsh'
[1.389s] Level 1:colcon.colcon_core.environment:create_file_with_runtime_dependencies(/home/ros2/town_ws/src/install/village_wang/share/colcon-core/packages/village_wang)
[1.550s] DEBUG:colcon.colcon_parallel_executor.executor.parallel:closing loop
[1.550s] DEBUG:colcon.colcon_parallel_executor.executor.parallel:loop closed
[1.550s] DEBUG:colcon.colcon_parallel_executor.executor.parallel:run_until_complete finished with '2'
[1.551s] DEBUG:colcon.colcon_core.event_reactor:joining thread
[1.558s] INFO:colcon.colcon_core.plugin_system:Skipping extension 'colcon_notification.desktop_notification.terminal_notifier': Not used on non-Darwin systems
[1.558s] INFO:colcon.colcon_core.plugin_system:Skipping extension 'colcon_notification.desktop_notification.win32': Not used on non-Windows systems
[1.558s] INFO:colcon.colcon_notification.desktop_notification:Sending desktop notification using 'notify2'
[1.612s] DEBUG:colcon.colcon_core.event_reactor:joined thread
[1.613s] INFO:colcon.colcon_core.shell:Creating prefix script '/home/ros2/town_ws/src/install/local_setup.ps1'
[1.615s] INFO:colcon.colcon_core.shell:Creating prefix util module '/home/ros2/town_ws/src/install/_local_setup_util_ps1.py'
[1.616s] INFO:colcon.colcon_core.shell:Creating prefix chain script '/home/ros2/town_ws/src/install/setup.ps1'
[1.618s] INFO:colcon.colcon_core.shell:Creating prefix script '/home/ros2/town_ws/src/install/local_setup.sh'
[1.619s] INFO:colcon.colcon_core.shell:Creating prefix util module '/home/ros2/town_ws/src/install/_local_setup_util_sh.py'
[1.620s] INFO:colcon.colcon_core.shell:Creating prefix chain script '/home/ros2/town_ws/src/install/setup.sh'
[1.621s] INFO:colcon.colcon_core.shell:Creating prefix script '/home/ros2/town_ws/src/install/local_setup.bash'
[1.622s] INFO:colcon.colcon_core.shell:Creating prefix chain script '/home/ros2/town_ws/src/install/setup.bash'
[1.628s] INFO:colcon.colcon_core.shell:Creating prefix script '/home/ros2/town_ws/src/install/local_setup.zsh'
[1.629s] INFO:colcon.colcon_core.shell:Creating prefix chain script '/home/ros2/town_ws/src/install/setup.zsh'
